\BOOKMARK [1][-]{section.1}{\376\377\0001\000\040\213\376\172\013\131\047\176\262}{}% 1
\BOOKMARK [2][-]{subsection.1.1}{\376\377\0001\000.\0001\000\040\213\376\172\013\121\205\133\271}{section.1}% 2
\BOOKMARK [2][-]{subsection.1.2}{\376\377\0001\000.\0002\000\040\133\236\232\214\121\205\133\271}{section.1}% 3
\BOOKMARK [2][-]{subsection.1.3}{\376\377\0001\000.\0003\000\040\133\236\116\140}{section.1}% 4
\BOOKMARK [2][-]{subsection.1.4}{\376\377\0001\000.\0004\000\040\200\003\150\070}{section.1}% 5
\BOOKMARK [2][-]{subsection.1.5}{\376\377\0001\000.\0005\000\040\123\302\200\003\145\131\147\120}{section.1}% 6
\BOOKMARK [1][-]{section.2}{\376\377\0002\000\040\213\376\172\013\213\364\146\016}{}% 7
\BOOKMARK [2][-]{subsection.2.1}{\376\377\0002\000.\0001\000\040\213\376\172\013\140\047\215\050\124\214\211\201\154\102}{section.2}% 8
\BOOKMARK [2][-]{subsection.2.2}{\376\377\0002\000.\0002\000\040\213\376\172\013\221\315\160\271}{section.2}% 9
\BOOKMARK [2][-]{subsection.2.3}{\376\377\0002\000.\0003\000\040\117\134\116\032\060\001\133\236\116\140\211\201\154\102}{section.2}% 10
\BOOKMARK [2][-]{subsection.2.4}{\376\377\0002\000.\0004\000\040\116\016\121\166\133\203\213\376\172\013\166\204\121\163\174\373}{section.2}% 11
\BOOKMARK [2][-]{subsection.2.5}{\376\377\0002\000.\0005\000\040\213\376\145\366\133\211\143\222}{section.2}% 12
\BOOKMARK [2][-]{subsection.2.6}{\376\377\0002\000.\0006\000\040\162\171\153\212\213\364\146\016}{section.2}% 13
\BOOKMARK [1][-]{section.3}{\376\377\0003\000\040\133\236\232\214\145\131\133\146\131\047\176\262}{}% 14
\BOOKMARK [2][-]{subsection.3.1}{\376\377\0003\000.\0001\000\040\133\236\232\214\145\131\133\146\166\204\166\356\166\204\124\214\211\201\154\102}{section.3}% 15
\BOOKMARK [2][-]{subsection.3.2}{\376\377\0003\000.\0002\000\040\133\236\215\365\145\131\133\146\131\047\176\262}{section.3}% 16
\BOOKMARK [2][-]{subsection.3.3}{\376\377\0003\000.\0003\000\040\133\236\232\214\213\276\131\007\211\201\154\102}{section.3}% 17
\BOOKMARK [2][-]{subsection.3.4}{\376\377\0003\000.\0004\000\040\133\236\232\214\121\205\133\271}{section.3}% 18
\BOOKMARK [3][-]{subsubsection.3.4.1}{\376\377\0003\000.\0004\000.\0001\000\040\000A\000p\000p\000r\000o\000a\000c\000h\000i\000n\000g\000\040\000t\000o\000\040\000t\000h\000e\000\040\000L\000i\000n\000u\000x\000\040\000k\000e\000r\000n\000e\000l\000\040\000\050\0004\000h\000\051}{subsection.3.4}% 19
\BOOKMARK [3][-]{subsubsection.3.4.2}{\376\377\0003\000.\0004\000.\0002\000\040\000P\000r\000o\000c\000e\000s\000s\000\040\000M\000a\000n\000a\000g\000e\000m\000e\000n\000t\000\040\000\050\0004\000h\000\051}{subsection.3.4}% 20
\BOOKMARK [3][-]{subsubsection.3.4.3}{\376\377\0003\000.\0004\000.\0003\000\040\000M\000e\000m\000o\000r\000y\000\040\000m\000a\000n\000a\000g\000e\000m\000e\000n\000t\000\040\000\050\0004\000h\000\051}{subsection.3.4}% 21
\BOOKMARK [3][-]{subsubsection.3.4.4}{\376\377\0003\000.\0004\000.\0004\000\040\000F\000i\000l\000e\000\040\000S\000y\000s\000t\000e\000m\000\040\000\050\0004\000h\000\051}{subsection.3.4}% 22
\BOOKMARK [2][-]{subsection.3.5}{\376\377\0003\000.\0005\000\040\133\236\232\214\142\245\124\112\211\201\154\102}{section.3}% 23
\BOOKMARK [2][-]{subsection.3.6}{\376\377\0003\000.\0006\000\040\142\020\176\351\200\003\150\070}{section.3}% 24
\BOOKMARK [2][-]{subsection.3.7}{\376\377\0003\000.\0007\000\040\133\236\232\214\143\007\133\374\124\214\123\302\200\003\116\146\166\356}{section.3}% 25
\BOOKMARK [2][-]{subsection.3.8}{\376\377\0003\000.\0008\000\040\162\171\122\053\213\364\146\016}{section.3}% 26
\BOOKMARK [1][-]{section.4}{\376\377\0004\000\040\213\376\172\013\173\200\116\313}{}% 27
